{"/home/shahar/Desktop/workspace/fullstack_course/bloglist-frontend/src/App.js": {"path":"/home/shahar/Desktop/workspace/fullstack_course/bloglist-frontend/src/App.js","statementMap":{"0":{"start":{"line":10,"column":12},"end":{"line":150,"column":1}},"1":{"start":{"line":11,"column":28},"end":{"line":11,"column":40}},"2":{"start":{"line":12,"column":26},"end":{"line":12,"column":40}},"3":{"start":{"line":13,"column":42},"end":{"line":13,"column":54}},"4":{"start":{"line":15,"column":22},"end":{"line":15,"column":39}},"5":{"start":{"line":17,"column":2},"end":{"line":24,"column":9}},"6":{"start":{"line":18,"column":23},"end":{"line":21,"column":5}},"7":{"start":{"line":19,"column":30},"end":{"line":19,"column":56}},"8":{"start":{"line":20,"column":6},"end":{"line":20,"column":32}},"9":{"start":{"line":23,"column":4},"end":{"line":23,"column":17}},"10":{"start":{"line":26,"column":2},"end":{"line":38,"column":9}},"11":{"start":{"line":27,"column":34},"end":{"line":35,"column":5}},"12":{"start":{"line":28,"column":19},"end":{"line":28,"column":63}},"13":{"start":{"line":30,"column":6},"end":{"line":34,"column":7}},"14":{"start":{"line":31,"column":27},"end":{"line":31,"column":43}},"15":{"start":{"line":32,"column":8},"end":{"line":32,"column":28}},"16":{"start":{"line":33,"column":8},"end":{"line":33,"column":47}},"17":{"start":{"line":37,"column":4},"end":{"line":37,"column":28}},"18":{"start":{"line":40,"column":27},"end":{"line":48,"column":3}},"19":{"start":{"line":41,"column":4},"end":{"line":45,"column":7}},"20":{"start":{"line":47,"column":4},"end":{"line":47,"column":64}},"21":{"start":{"line":47,"column":21},"end":{"line":47,"column":56}},"22":{"start":{"line":50,"column":29},"end":{"line":59,"column":3}},"23":{"start":{"line":51,"column":4},"end":{"line":51,"column":27}},"24":{"start":{"line":52,"column":4},"end":{"line":52,"column":43}},"25":{"start":{"line":53,"column":20},"end":{"line":53,"column":54}},"26":{"start":{"line":54,"column":4},"end":{"line":54,"column":36}},"27":{"start":{"line":55,"column":4},"end":{"line":58,"column":7}},"28":{"start":{"line":61,"column":22},"end":{"line":79,"column":3}},"29":{"start":{"line":62,"column":4},"end":{"line":62,"column":27}},"30":{"start":{"line":63,"column":17},"end":{"line":66,"column":6}},"31":{"start":{"line":68,"column":4},"end":{"line":74,"column":5}},"32":{"start":{"line":69,"column":6},"end":{"line":72,"column":9}},"33":{"start":{"line":73,"column":6},"end":{"line":73,"column":13}},"34":{"start":{"line":76,"column":4},"end":{"line":76,"column":71}},"35":{"start":{"line":77,"column":4},"end":{"line":77,"column":18}},"36":{"start":{"line":78,"column":4},"end":{"line":78,"column":34}},"37":{"start":{"line":81,"column":23},"end":{"line":84,"column":3}},"38":{"start":{"line":82,"column":4},"end":{"line":82,"column":52}},"39":{"start":{"line":83,"column":4},"end":{"line":83,"column":18}},"40":{"start":{"line":86,"column":21},"end":{"line":95,"column":3}},"41":{"start":{"line":87,"column":24},"end":{"line":90,"column":6}},"42":{"start":{"line":92,"column":4},"end":{"line":94,"column":6}},"43":{"start":{"line":93,"column":27},"end":{"line":93,"column":54}},"44":{"start":{"line":97,"column":23},"end":{"line":106,"column":3}},"45":{"start":{"line":98,"column":20},"end":{"line":100,"column":5}},"46":{"start":{"line":102,"column":4},"end":{"line":105,"column":5}},"47":{"start":{"line":103,"column":6},"end":{"line":103,"column":52}},"48":{"start":{"line":104,"column":6},"end":{"line":104,"column":66}},"49":{"start":{"line":104,"column":36},"end":{"line":104,"column":63}},"50":{"start":{"line":108,"column":2},"end":{"line":149,"column":3}},"51":{"start":{"line":109,"column":4},"end":{"line":119,"column":6}},"52":{"start":{"line":121,"column":4},"end":{"line":148,"column":6}},"53":{"start":{"line":138,"column":27},"end":{"line":138,"column":53}},"54":{"start":{"line":140,"column":12},"end":{"line":145,"column":14}}},"fnMap":{"0":{"name":"(anonymous_0)","decl":{"start":{"line":10,"column":12},"end":{"line":10,"column":13}},"loc":{"start":{"line":10,"column":18},"end":{"line":150,"column":1}},"line":10},"1":{"name":"(anonymous_1)","decl":{"start":{"line":17,"column":12},"end":{"line":17,"column":13}},"loc":{"start":{"line":17,"column":18},"end":{"line":24,"column":3}},"line":17},"2":{"name":"(anonymous_2)","decl":{"start":{"line":18,"column":23},"end":{"line":18,"column":24}},"loc":{"start":{"line":18,"column":35},"end":{"line":21,"column":5}},"line":18},"3":{"name":"(anonymous_3)","decl":{"start":{"line":26,"column":12},"end":{"line":26,"column":13}},"loc":{"start":{"line":26,"column":18},"end":{"line":38,"column":3}},"line":26},"4":{"name":"(anonymous_4)","decl":{"start":{"line":27,"column":34},"end":{"line":27,"column":35}},"loc":{"start":{"line":27,"column":46},"end":{"line":35,"column":5}},"line":27},"5":{"name":"(anonymous_5)","decl":{"start":{"line":40,"column":27},"end":{"line":40,"column":28}},"loc":{"start":{"line":40,"column":50},"end":{"line":48,"column":3}},"line":40},"6":{"name":"(anonymous_6)","decl":{"start":{"line":47,"column":15},"end":{"line":47,"column":16}},"loc":{"start":{"line":47,"column":21},"end":{"line":47,"column":56}},"line":47},"7":{"name":"(anonymous_7)","decl":{"start":{"line":50,"column":29},"end":{"line":50,"column":30}},"loc":{"start":{"line":50,"column":52},"end":{"line":59,"column":3}},"line":50},"8":{"name":"(anonymous_8)","decl":{"start":{"line":61,"column":22},"end":{"line":61,"column":23}},"loc":{"start":{"line":61,"column":59},"end":{"line":79,"column":3}},"line":61},"9":{"name":"(anonymous_9)","decl":{"start":{"line":81,"column":23},"end":{"line":81,"column":24}},"loc":{"start":{"line":81,"column":29},"end":{"line":84,"column":3}},"line":81},"10":{"name":"(anonymous_10)","decl":{"start":{"line":86,"column":21},"end":{"line":86,"column":22}},"loc":{"start":{"line":86,"column":43},"end":{"line":95,"column":3}},"line":86},"11":{"name":"(anonymous_11)","decl":{"start":{"line":93,"column":19},"end":{"line":93,"column":20}},"loc":{"start":{"line":93,"column":27},"end":{"line":93,"column":54}},"line":93},"12":{"name":"(anonymous_12)","decl":{"start":{"line":97,"column":23},"end":{"line":97,"column":24}},"loc":{"start":{"line":97,"column":45},"end":{"line":106,"column":3}},"line":97},"13":{"name":"(anonymous_13)","decl":{"start":{"line":104,"column":28},"end":{"line":104,"column":29}},"loc":{"start":{"line":104,"column":36},"end":{"line":104,"column":63}},"line":104},"14":{"name":"(anonymous_14)","decl":{"start":{"line":138,"column":16},"end":{"line":138,"column":17}},"loc":{"start":{"line":138,"column":27},"end":{"line":138,"column":53}},"line":138},"15":{"name":"(anonymous_15)","decl":{"start":{"line":139,"column":15},"end":{"line":139,"column":16}},"loc":{"start":{"line":140,"column":12},"end":{"line":145,"column":14}},"line":140}},"branchMap":{"0":{"loc":{"start":{"line":30,"column":6},"end":{"line":34,"column":7}},"type":"if","locations":[{"start":{"line":30,"column":6},"end":{"line":34,"column":7}},{"start":{"line":30,"column":6},"end":{"line":34,"column":7}}],"line":30},"1":{"loc":{"start":{"line":68,"column":4},"end":{"line":74,"column":5}},"type":"if","locations":[{"start":{"line":68,"column":4},"end":{"line":74,"column":5}},{"start":{"line":68,"column":4},"end":{"line":74,"column":5}}],"line":68},"2":{"loc":{"start":{"line":102,"column":4},"end":{"line":105,"column":5}},"type":"if","locations":[{"start":{"line":102,"column":4},"end":{"line":105,"column":5}},{"start":{"line":102,"column":4},"end":{"line":105,"column":5}}],"line":102},"3":{"loc":{"start":{"line":108,"column":2},"end":{"line":149,"column":3}},"type":"if","locations":[{"start":{"line":108,"column":2},"end":{"line":149,"column":3}},{"start":{"line":108,"column":2},"end":{"line":149,"column":3}}],"line":108},"4":{"loc":{"start":{"line":113,"column":11},"end":{"line":115,"column":18}},"type":"cond-expr","locations":[{"start":{"line":114,"column":12},"end":{"line":114,"column":56}},{"start":{"line":115,"column":14},"end":{"line":115,"column":18}}],"line":113},"5":{"loc":{"start":{"line":124,"column":9},"end":{"line":126,"column":16}},"type":"cond-expr","locations":[{"start":{"line":125,"column":10},"end":{"line":125,"column":54}},{"start":{"line":126,"column":12},"end":{"line":126,"column":16}}],"line":124},"6":{"loc":{"start":{"line":138,"column":27},"end":{"line":138,"column":53}},"type":"cond-expr","locations":[{"start":{"line":138,"column":47},"end":{"line":138,"column":49}},{"start":{"line":138,"column":52},"end":{"line":138,"column":53}}],"line":138}},"s":{"0":0,"1":0,"2":0,"3":0,"4":0,"5":0,"6":0,"7":0,"8":0,"9":0,"10":0,"11":0,"12":0,"13":0,"14":0,"15":0,"16":0,"17":0,"18":0,"19":0,"20":0,"21":0,"22":0,"23":0,"24":0,"25":0,"26":0,"27":0,"28":0,"29":0,"30":0,"31":0,"32":0,"33":0,"34":0,"35":0,"36":0,"37":0,"38":0,"39":0,"40":0,"41":0,"42":0,"43":0,"44":0,"45":0,"46":0,"47":0,"48":0,"49":0,"50":0,"51":0,"52":0,"53":0,"54":0},"f":{"0":0,"1":0,"2":0,"3":0,"4":0,"5":0,"6":0,"7":0,"8":0,"9":0,"10":0,"11":0,"12":0,"13":0,"14":0,"15":0},"b":{"0":[0,0],"1":[0,0],"2":[0,0],"3":[0,0],"4":[0,0],"5":[0,0],"6":[0,0]},"hash":"6de238f77f91c9698d7f61ad15fc8a9d3acc02a5"}
,"/home/shahar/Desktop/workspace/fullstack_course/bloglist-frontend/src/index.js": {"path":"/home/shahar/Desktop/workspace/fullstack_course/bloglist-frontend/src/index.js","statementMap":{"0":{"start":{"line":5,"column":0},"end":{"line":5,"column":58}}},"fnMap":{},"branchMap":{},"s":{"0":0},"f":{},"b":{},"hash":"f87ea1e8cfc5352c01fb8e378ed721cca14cb1ed"}
,"/home/shahar/Desktop/workspace/fullstack_course/bloglist-frontend/src/components/AddBlogForm.js": {"path":"/home/shahar/Desktop/workspace/fullstack_course/bloglist-frontend/src/components/AddBlogForm.js","statementMap":{"0":{"start":{"line":3,"column":20},"end":{"line":49,"column":1}},"1":{"start":{"line":4,"column":28},"end":{"line":4,"column":40}},"2":{"start":{"line":5,"column":30},"end":{"line":5,"column":42}},"3":{"start":{"line":6,"column":24},"end":{"line":6,"column":36}},"4":{"start":{"line":8,"column":34},"end":{"line":13,"column":3}},"5":{"start":{"line":9,"column":4},"end":{"line":9,"column":17}},"6":{"start":{"line":10,"column":4},"end":{"line":10,"column":18}},"7":{"start":{"line":11,"column":4},"end":{"line":11,"column":15}},"8":{"start":{"line":12,"column":4},"end":{"line":12,"column":36}},"9":{"start":{"line":15,"column":2},"end":{"line":48,"column":4}},"10":{"start":{"line":21,"column":10},"end":{"line":21,"column":64}},"11":{"start":{"line":28,"column":36},"end":{"line":28,"column":58}},"12":{"start":{"line":35,"column":36},"end":{"line":35,"column":59}},"13":{"start":{"line":42,"column":36},"end":{"line":42,"column":56}}},"fnMap":{"0":{"name":"(anonymous_0)","decl":{"start":{"line":3,"column":20},"end":{"line":3,"column":21}},"loc":{"start":{"line":3,"column":48},"end":{"line":49,"column":1}},"line":3},"1":{"name":"(anonymous_1)","decl":{"start":{"line":8,"column":34},"end":{"line":8,"column":35}},"loc":{"start":{"line":8,"column":51},"end":{"line":13,"column":3}},"line":8},"2":{"name":"(anonymous_2)","decl":{"start":{"line":20,"column":18},"end":{"line":20,"column":19}},"loc":{"start":{"line":21,"column":10},"end":{"line":21,"column":64}},"line":21},"3":{"name":"(anonymous_3)","decl":{"start":{"line":28,"column":20},"end":{"line":28,"column":21}},"loc":{"start":{"line":28,"column":36},"end":{"line":28,"column":58}},"line":28},"4":{"name":"(anonymous_4)","decl":{"start":{"line":35,"column":20},"end":{"line":35,"column":21}},"loc":{"start":{"line":35,"column":36},"end":{"line":35,"column":59}},"line":35},"5":{"name":"(anonymous_5)","decl":{"start":{"line":42,"column":20},"end":{"line":42,"column":21}},"loc":{"start":{"line":42,"column":36},"end":{"line":42,"column":56}},"line":42}},"branchMap":{},"s":{"0":1,"1":5,"2":5,"3":5,"4":5,"5":1,"6":1,"7":1,"8":1,"9":5,"10":1,"11":1,"12":1,"13":1},"f":{"0":5,"1":1,"2":1,"3":1,"4":1,"5":1},"b":{},"_coverageSchema":"43e27e138ebf9cfc5966b082cf9a028302ed4184","hash":"a49c6ba3913eabc3a9384f89eda94aa01d26ca9e"}
,"/home/shahar/Desktop/workspace/fullstack_course/bloglist-frontend/src/components/Blog.js": {"path":"/home/shahar/Desktop/workspace/fullstack_course/bloglist-frontend/src/components/Blog.js","statementMap":{"0":{"start":{"line":3,"column":13},"end":{"line":44,"column":1}},"1":{"start":{"line":4,"column":34},"end":{"line":4,"column":49}},"2":{"start":{"line":6,"column":21},"end":{"line":6,"column":47}},"3":{"start":{"line":8,"column":20},"end":{"line":14,"column":3}},"4":{"start":{"line":16,"column":23},"end":{"line":18,"column":3}},"5":{"start":{"line":17,"column":4},"end":{"line":17,"column":27}},"6":{"start":{"line":20,"column":2},"end":{"line":43,"column":4}},"7":{"start":{"line":34,"column":35},"end":{"line":34,"column":51}},"8":{"start":{"line":39,"column":33},"end":{"line":39,"column":51}}},"fnMap":{"0":{"name":"(anonymous_0)","decl":{"start":{"line":3,"column":13},"end":{"line":3,"column":14}},"loc":{"start":{"line":3,"column":53},"end":{"line":44,"column":1}},"line":3},"1":{"name":"(anonymous_1)","decl":{"start":{"line":16,"column":23},"end":{"line":16,"column":24}},"loc":{"start":{"line":16,"column":29},"end":{"line":18,"column":3}},"line":16},"2":{"name":"(anonymous_2)","decl":{"start":{"line":34,"column":29},"end":{"line":34,"column":30}},"loc":{"start":{"line":34,"column":35},"end":{"line":34,"column":51}},"line":34},"3":{"name":"(anonymous_3)","decl":{"start":{"line":39,"column":27},"end":{"line":39,"column":28}},"loc":{"start":{"line":39,"column":33},"end":{"line":39,"column":51}},"line":39}},"branchMap":{"0":{"loc":{"start":{"line":6,"column":21},"end":{"line":6,"column":47}},"type":"cond-expr","locations":[{"start":{"line":6,"column":32},"end":{"line":6,"column":38}},{"start":{"line":6,"column":41},"end":{"line":6,"column":47}}],"line":6},"1":{"loc":{"start":{"line":28,"column":7},"end":{"line":41,"column":14}},"type":"cond-expr","locations":[{"start":{"line":29,"column":8},"end":{"line":40,"column":14}},{"start":{"line":41,"column":10},"end":{"line":41,"column":14}}],"line":28}},"s":{"0":1,"1":5,"2":5,"3":5,"4":5,"5":2,"6":5,"7":2,"8":0},"f":{"0":5,"1":2,"2":2,"3":0},"b":{"0":[2,3],"1":[2,3]},"_coverageSchema":"43e27e138ebf9cfc5966b082cf9a028302ed4184","hash":"afd0daadc64eb4455d81514c89a02c7d38b45491"}
,"/home/shahar/Desktop/workspace/fullstack_course/bloglist-frontend/src/components/LoginForm.js": {"path":"/home/shahar/Desktop/workspace/fullstack_course/bloglist-frontend/src/components/LoginForm.js","statementMap":{"0":{"start":{"line":3,"column":18},"end":{"line":27,"column":1}},"1":{"start":{"line":4,"column":34},"end":{"line":4,"column":46}},"2":{"start":{"line":5,"column":34},"end":{"line":5,"column":46}},"3":{"start":{"line":7,"column":2},"end":{"line":26,"column":4}},"4":{"start":{"line":9,"column":31},"end":{"line":9,"column":69}},"5":{"start":{"line":13,"column":36},"end":{"line":13,"column":61}},"6":{"start":{"line":20,"column":36},"end":{"line":20,"column":61}}},"fnMap":{"0":{"name":"(anonymous_0)","decl":{"start":{"line":3,"column":18},"end":{"line":3,"column":19}},"loc":{"start":{"line":3,"column":39},"end":{"line":27,"column":1}},"line":3},"1":{"name":"(anonymous_1)","decl":{"start":{"line":9,"column":22},"end":{"line":9,"column":23}},"loc":{"start":{"line":9,"column":31},"end":{"line":9,"column":69}},"line":9},"2":{"name":"(anonymous_2)","decl":{"start":{"line":13,"column":20},"end":{"line":13,"column":21}},"loc":{"start":{"line":13,"column":36},"end":{"line":13,"column":61}},"line":13},"3":{"name":"(anonymous_3)","decl":{"start":{"line":20,"column":20},"end":{"line":20,"column":21}},"loc":{"start":{"line":20,"column":36},"end":{"line":20,"column":61}},"line":20}},"branchMap":{},"s":{"0":0,"1":0,"2":0,"3":0,"4":0,"5":0,"6":0},"f":{"0":0,"1":0,"2":0,"3":0},"b":{},"hash":"1a80181102d869ad926f80d6206acb152f630e08"}
,"/home/shahar/Desktop/workspace/fullstack_course/bloglist-frontend/src/components/Notification.js": {"path":"/home/shahar/Desktop/workspace/fullstack_course/bloglist-frontend/src/components/Notification.js","statementMap":{"0":{"start":{"line":3,"column":21},"end":{"line":33,"column":1}},"1":{"start":{"line":4,"column":28},"end":{"line":4,"column":40}},"2":{"start":{"line":5,"column":28},"end":{"line":12,"column":3}},"3":{"start":{"line":14,"column":24},"end":{"line":17,"column":3}},"4":{"start":{"line":19,"column":22},"end":{"line":22,"column":3}},"5":{"start":{"line":24,"column":2},"end":{"line":26,"column":3}},"6":{"start":{"line":25,"column":4},"end":{"line":25,"column":16}},"7":{"start":{"line":28,"column":2},"end":{"line":32,"column":4}}},"fnMap":{"0":{"name":"(anonymous_0)","decl":{"start":{"line":3,"column":21},"end":{"line":3,"column":22}},"loc":{"start":{"line":3,"column":43},"end":{"line":33,"column":1}},"line":3}},"branchMap":{"0":{"loc":{"start":{"line":24,"column":2},"end":{"line":26,"column":3}},"type":"if","locations":[{"start":{"line":24,"column":2},"end":{"line":26,"column":3}},{"start":{"line":24,"column":2},"end":{"line":26,"column":3}}],"line":24},"1":{"loc":{"start":{"line":29,"column":16},"end":{"line":29,"column":64}},"type":"cond-expr","locations":[{"start":{"line":29,"column":37},"end":{"line":29,"column":50}},{"start":{"line":29,"column":53},"end":{"line":29,"column":64}}],"line":29}},"s":{"0":0,"1":0,"2":0,"3":0,"4":0,"5":0,"6":0,"7":0},"f":{"0":0},"b":{"0":[0,0],"1":[0,0]},"hash":"d62511465c30b181d9b831d0aaf6d3e35c61c8fb"}
,"/home/shahar/Desktop/workspace/fullstack_course/bloglist-frontend/src/components/Togglable.js": {"path":"/home/shahar/Desktop/workspace/fullstack_course/bloglist-frontend/src/components/Togglable.js","statementMap":{"0":{"start":{"line":4,"column":18},"end":{"line":33,"column":2}},"1":{"start":{"line":5,"column":32},"end":{"line":5,"column":47}},"2":{"start":{"line":7,"column":26},"end":{"line":7,"column":60}},"3":{"start":{"line":8,"column":26},"end":{"line":8,"column":60}},"4":{"start":{"line":10,"column":27},"end":{"line":12,"column":3}},"5":{"start":{"line":11,"column":4},"end":{"line":11,"column":25}},"6":{"start":{"line":14,"column":2},"end":{"line":18,"column":5}},"7":{"start":{"line":15,"column":4},"end":{"line":17,"column":6}},"8":{"start":{"line":20,"column":2},"end":{"line":32,"column":4}},"9":{"start":{"line":35,"column":0},"end":{"line":38,"column":2}},"10":{"start":{"line":40,"column":0},"end":{"line":40,"column":36}}},"fnMap":{"0":{"name":"(anonymous_0)","decl":{"start":{"line":4,"column":35},"end":{"line":4,"column":36}},"loc":{"start":{"line":4,"column":51},"end":{"line":33,"column":1}},"line":4},"1":{"name":"(anonymous_1)","decl":{"start":{"line":10,"column":27},"end":{"line":10,"column":28}},"loc":{"start":{"line":10,"column":33},"end":{"line":12,"column":3}},"line":10},"2":{"name":"(anonymous_2)","decl":{"start":{"line":14,"column":27},"end":{"line":14,"column":28}},"loc":{"start":{"line":14,"column":33},"end":{"line":18,"column":3}},"line":14}},"branchMap":{"0":{"loc":{"start":{"line":7,"column":37},"end":{"line":7,"column":58}},"type":"cond-expr","locations":[{"start":{"line":7,"column":47},"end":{"line":7,"column":53}},{"start":{"line":7,"column":56},"end":{"line":7,"column":58}}],"line":7},"1":{"loc":{"start":{"line":8,"column":37},"end":{"line":8,"column":58}},"type":"cond-expr","locations":[{"start":{"line":8,"column":47},"end":{"line":8,"column":49}},{"start":{"line":8,"column":52},"end":{"line":8,"column":58}}],"line":8}},"s":{"0":0,"1":0,"2":0,"3":0,"4":0,"5":0,"6":0,"7":0,"8":0,"9":0,"10":0},"f":{"0":0,"1":0,"2":0},"b":{"0":[0,0],"1":[0,0]},"hash":"56afad47a5f25340700e8c45e4a75038e33c9497"}
,"/home/shahar/Desktop/workspace/fullstack_course/bloglist-frontend/src/services/blogs.js": {"path":"/home/shahar/Desktop/workspace/fullstack_course/bloglist-frontend/src/services/blogs.js","statementMap":{"0":{"start":{"line":2,"column":16},"end":{"line":2,"column":28}},"1":{"start":{"line":4,"column":12},"end":{"line":4,"column":14}},"2":{"start":{"line":6,"column":17},"end":{"line":8,"column":1}},"3":{"start":{"line":7,"column":2},"end":{"line":7,"column":31}},"4":{"start":{"line":10,"column":15},"end":{"line":13,"column":1}},"5":{"start":{"line":11,"column":19},"end":{"line":11,"column":43}},"6":{"start":{"line":12,"column":2},"end":{"line":12,"column":23}},"7":{"start":{"line":15,"column":19},"end":{"line":21,"column":1}},"8":{"start":{"line":16,"column":17},"end":{"line":18,"column":3}},"9":{"start":{"line":19,"column":19},"end":{"line":19,"column":58}},"10":{"start":{"line":20,"column":2},"end":{"line":20,"column":23}},"11":{"start":{"line":23,"column":19},"end":{"line":32,"column":1}},"12":{"start":{"line":24,"column":40},"end":{"line":24,"column":44}},"13":{"start":{"line":25,"column":19},"end":{"line":30,"column":4}},"14":{"start":{"line":31,"column":2},"end":{"line":31,"column":23}},"15":{"start":{"line":34,"column":19},"end":{"line":40,"column":1}},"16":{"start":{"line":35,"column":17},"end":{"line":37,"column":3}},"17":{"start":{"line":39,"column":2},"end":{"line":39,"column":49}}},"fnMap":{"0":{"name":"(anonymous_0)","decl":{"start":{"line":6,"column":17},"end":{"line":6,"column":18}},"loc":{"start":{"line":6,"column":29},"end":{"line":8,"column":1}},"line":6},"1":{"name":"(anonymous_1)","decl":{"start":{"line":10,"column":15},"end":{"line":10,"column":16}},"loc":{"start":{"line":10,"column":27},"end":{"line":13,"column":1}},"line":10},"2":{"name":"(anonymous_2)","decl":{"start":{"line":15,"column":19},"end":{"line":15,"column":20}},"loc":{"start":{"line":15,"column":33},"end":{"line":21,"column":1}},"line":15},"3":{"name":"(anonymous_3)","decl":{"start":{"line":23,"column":19},"end":{"line":23,"column":20}},"loc":{"start":{"line":23,"column":33},"end":{"line":32,"column":1}},"line":23},"4":{"name":"(anonymous_4)","decl":{"start":{"line":34,"column":19},"end":{"line":34,"column":20}},"loc":{"start":{"line":34,"column":31},"end":{"line":40,"column":1}},"line":34}},"branchMap":{},"s":{"0":0,"1":0,"2":0,"3":0,"4":0,"5":0,"6":0,"7":0,"8":0,"9":0,"10":0,"11":0,"12":0,"13":0,"14":0,"15":0,"16":0,"17":0},"f":{"0":0,"1":0,"2":0,"3":0,"4":0},"b":{},"hash":"1cd17387c8ee7249503d83c2da28bf451c7d6dbc"}
,"/home/shahar/Desktop/workspace/fullstack_course/bloglist-frontend/src/services/login.js": {"path":"/home/shahar/Desktop/workspace/fullstack_course/bloglist-frontend/src/services/login.js","statementMap":{"0":{"start":{"line":2,"column":16},"end":{"line":2,"column":28}},"1":{"start":{"line":4,"column":29},"end":{"line":12,"column":1}},"2":{"start":{"line":6,"column":2},"end":{"line":11,"column":3}},"3":{"start":{"line":7,"column":4},"end":{"line":7,"column":54}},"4":{"start":{"line":8,"column":4},"end":{"line":8,"column":25}},"5":{"start":{"line":10,"column":4},"end":{"line":10,"column":31}}},"fnMap":{"0":{"name":"(anonymous_0)","decl":{"start":{"line":4,"column":29},"end":{"line":4,"column":30}},"loc":{"start":{"line":4,"column":50},"end":{"line":12,"column":1}},"line":4}},"branchMap":{},"s":{"0":0,"1":0,"2":0,"3":0,"4":0,"5":0},"f":{"0":0},"b":{},"hash":"03672b97682d2ded119cfbc8408bbb5a9fa84496"}
}
